make all --print-data-base --no-builtin-variables --no-builtin-rules --question
# GNU Make 4.3
# Built for x86_64-pc-linux-gnu
# Copyright (C) 1988-2020 Free Software Foundation, Inc.
# License GPLv3+: GNU GPL version 3 or later <http://gnu.org/licenses/gpl.html>
# This is free software: you are free to change and redistribute it.
# There is NO WARRANTY, to the extent permitted by law.

# Make data base, printed on Sat Jun 11 08:03:51 2022

# Variables

# environment
JAVA_HOME = /etc/java-config-2/current-system-vm
# makefile (from 'Makefile', line 4)
OBJ := src/add.o
# environment
GDK_BACKEND = x11
# environment
LC_ALL = C
# environment
NO_AT_BRIDGE = 1
# makefile (from 'Makefile', line 3)
SRC := src/add.s
# environment
GTK_RC_FILES = /etc/gtk/gtkrc:/home/jodi/.gtkrc:/home/jodi/.config/gtkrc
# environment
VSCODE_IPC_HOOK_EXTHOST = /run/user/1000/vscode-ipc-e8937b6c-2384-42ff-99fa-5c38215b4102.sock
# environment
VSCODE_CWD = /home/jodi
# environment
UBUNTU_MENUPROXY = 1
# environment
GCC_SPECS = 
# environment
GDM_LANG = en_US.utf8
# default
MAKE_COMMAND := make
# automatic
@D = $(patsubst %/,%,$(dir $@))
# environment
VSCODE_HANDLES_UNCAUGHT_ERRORS = true
# default
.VARIABLES := 
# environment
PWD = /win/Users/jodi/Documents/hdd/Documents/Programming/x86-Assembly-Projects/add
# automatic
%D = $(patsubst %/,%,$(dir $%))
# environment
MAIL = /var/mail/jodi
# environment
XDG_DATA_DIRS = /home/jodi/.local/share/flatpak/exports/share:/var/lib/flatpak/exports/share:/usr/local/share:/usr/share
# automatic
^D = $(patsubst %/,%,$(dir $^))
# environment
VSCODE_LOG_STACK = false
# automatic
%F = $(notdir $%)
# environment
VSCODE_CODE_CACHE_PATH = /home/jodi/.config/Code/CachedData/c3511e6c69bb39013c4a4b7b9566ec1ca73fc4d5
# environment
XDG_SESSION_PATH = /org/freedesktop/DisplayManager/Session0
# environment
SSH_ASKPASS = /usr/bin/ksshaskpass
# environment
LANG = C
# environment
XAUTHORITY = /home/jodi/.Xauthority
# default
.LOADED := 
# default
.INCLUDE_DIRS = /usr/include /usr/include
# makefile
MAKEFLAGS = pqrR
# makefile
CURDIR := /win/Users/jodi/Documents/hdd/Documents/Programming/x86-Assembly-Projects/add
# environment
VSCODE_PIPE_LOGGING = true
# environment
APPLICATION_INSIGHTS_NO_DIAGNOSTIC_CHANNEL = 1
# environment
LESSOPEN = |lesspipe %s
# automatic
*D = $(patsubst %/,%,$(dir $*))
# environment
MFLAGS = -pqrR
# default
.SHELLFLAGS := -c
# environment
XDG_CONFIG_DIRS = /home/jodi/.config/kdedefaults:/etc/xdg
# automatic
+D = $(patsubst %/,%,$(dir $+))
# environment
XCURSOR_THEME = Adwaita
# environment
XDG_SESSION_DESKTOP = plasma
# makefile (from 'Makefile', line 1)
MAKEFILE_LIST := Makefile
# automatic
@F = $(notdir $@)
# environment
VSCODE_VERBOSE_LOGGING = true
# environment
VSCODE_PID = 7936
# environment
XDG_SESSION_TYPE = x11
# automatic
?D = $(patsubst %/,%,$(dir $?))
# environment
MANPAGER = manpager
# environment
SESSION_MANAGER = local/gentoo-pc:@/tmp/.ICE-unix/2884,unix/gentoo-pc:/tmp/.ICE-unix/2884
# automatic
*F = $(notdir $*)
# environment
MANPATH = /etc/java-config-2/current-system-vm/man:/usr/share/gcc-data/x86_64-pc-linux-gnu/11.3.0/man:/usr/share/binutils-data/x86_64-pc-linux-gnu/2.37_p1/man:/etc/java-config-2/current-system-vm/man/:/usr/local/share/man:/usr/share/man:/usr/lib/rust/man:/usr/lib/llvm/14/share/man:/usr/lib/llvm/13/share/man
# environment
CHROME_DESKTOP = code-url-handler.desktop
# environment
DBUS_SESSION_BUS_ADDRESS = unix:abstract=/tmp/dbus-znI7vRSbyS,guid=bc54a955855fb29697b9c8e062a49259
# automatic
<D = $(patsubst %/,%,$(dir $<))
# environment
VSCODE_NLS_CONFIG = {"locale":"en-us","availableLanguages":{},"_languagePackSupport":true}
# default
MAKE_HOST := x86_64-pc-linux-gnu
# environment
INFOPATH = /usr/share/gcc-data/x86_64-pc-linux-gnu/11.3.0/info:/usr/share/binutils-data/x86_64-pc-linux-gnu/2.37_p1/info:/usr/share/info
# makefile
SHELL = /bin/sh
# default
MAKECMDGOALS := all
# environment
SHLVL = 1
# environment
MAKELEVEL := 0
# default
MAKE = $(MAKE_COMMAND)
# environment
PATH = /usr/local/sbin:/usr/local/bin:/usr/sbin:/usr/bin:/sbin:/bin:/opt/bin:/usr/lib/llvm/14/bin:/usr/lib/llvm/13/bin
# default
MAKEFILES := 
# environment
MOTD_SHOWN = pam
# automatic
^F = $(notdir $^)
# environment
VSCODE_LOG_NATIVE = false
# automatic
?F = $(notdir $?)
# environment
KDE_APPLICATIONS_AS_SCOPE = 1
# makefile (from 'Makefile', line 2)
NAME := bin/main
# environment
AUTOJUMP_SOURCED = 1
# environment
GSETTINGS_BACKEND = dconf
# environment
XDG_SEAT = seat0
# environment
XDG_CURRENT_DESKTOP = KDE
# environment
JAVAC = /etc/java-config-2/current-system-vm/bin/javac
# automatic
+F = $(notdir $+)
# environment
XDG_SEAT_PATH = /org/freedesktop/DisplayManager/Seat0
# environment
LESS = -R -M --shift 5
# environment
DESKTOP_SESSION = plasma
# environment
ORIGINAL_XDG_CURRENT_DESKTOP = KDE
# 'override' directive
GNUMAKEFLAGS := 
# environment
LOGNAME = jodi
# environment
CONFIG_PROTECT_MASK = /etc/sandbox.d /etc/fonts/fonts.conf /etc/gentoo-release /etc/terminfo /etc/dconf /etc/ca-certificates.conf
# environment
CONFIG_PROTECT = /usr/share/gnupg/qualified.txt /usr/share/config
# environment
XDG_VTNR = 7
# makefile
.DEFAULT_GOAL := all
# environment
AUTOJUMP_ERROR_PATH = /home/jodi/.local/share/autojump/errors.log
# environment
EDITOR = /bin/nano
# environment
DISPLAY = :0
# environment
GTK_MODULES = canberra-gtk-module:appmenu-gtk-module
# environment
USER = jodi
# default
MAKE_VERSION := 4.3
# environment
KDE_SESSION_UID = 1000
# environment
PAGER = /usr/bin/less
# environment
_ = /usr/bin/make
# environment
XDG_RUNTIME_DIR = /run/user/1000
# environment
XDG_SESSION_CLASS = user
# environment
VSCODE_AMD_ENTRYPOINT = vs/workbench/api/node/extensionHostProcess
# environment
GTK2_RC_FILES = /etc/gtk-2.0/gtkrc:/home/jodi/.gtkrc-2.0:/home/jodi/.config/gtkrc-2.0
# environment
HOME = /home/jodi
# environment
JDK_HOME = /etc/java-config-2/current-system-vm
# environment
ELECTRON_RUN_AS_NODE = 1
# environment
VSCODE_IPC_HOOK = /run/user/1000/vscode-fabbd96e-1.67.2-main.sock
# environment
XDG_SESSION_ID = 2
# environment
XCURSOR_SIZE = 24
# default
.RECIPEPREFIX := 
# automatic
<F = $(notdir $<)
# default
SUFFIXES := 
# environment
QT_AUTO_SCREEN_SCALE_FACTOR = 0
# environment
VSCODE_CLI = 1
# environment
ELECTRON_NO_ATTACH_CONSOLE = 1
# environment
XDG_GREETER_DATA_DIR = /var/lib/lightdm-data/jodi
# environment
KDE_SESSION_VERSION = 5
# default
.FEATURES := target-specific order-only second-expansion else-if shortest-stem undefine oneshell nocomment grouped-target extra-prereqs archives jobserver output-sync check-symlink load
# environment
KDE_FULL_SESSION = true
# environment
GDMSESSION = plasma
 
# variable set hash-table stats:
# Load=117/1024=11%, Rehash=0, Collisions=21/156=13%

# Pattern-specific Variable Values

# No pattern-specific variable values.

# Directories

# src (device 2067, inode 476713): 5 files, no impossibilities.
# . (device 2067, inode 485844): 7 files, no impossibilities.

# 12 files, no impossibilities in 2 directories.

# Implicit Rules

# No implicit rules.

# Files

# Not a target:
Makefile:
#  Implicit rule search has been done.
#  Last modified 2022-06-10 17:24:14.0159641
#  File has been updated.
#  Successfully updated.

clean:
#  Phony target (prerequisite of .PHONY).
#  Implicit rule search has not been done.
#  File does not exist.
#  File has not been updated.
#  recipe to execute (from 'Makefile', line 20):
	rm src/*.o
	rm src/*.bak

# Not a target:
.DEFAULT:
#  Implicit rule search has not been done.
#  Modification time never checked.
#  File has not been updated.

all: src/add.o
#  Phony target (prerequisite of .PHONY).
#  Command line target.
#  Implicit rule search has not been done.
#  File does not exist.
#  File has been updated.
#  Needs to be updated (-q is set).
# variable set hash-table stats:
# Load=0/32=0%, Rehash=0, Collisions=0/7=0%
#  recipe to execute (from 'Makefile', line 11):
	ld $(OBJ) -g -o $(NAME)

test:
#  Implicit rule search has not been done.
#  Modification time never checked.
#  File has not been updated.
#  recipe to execute (from 'Makefile', line 17):
	bin/main

src/add.o: src/add.s
#  Implicit rule search has not been done.
#  Implicit/static pattern stem: ''
#  Last modified 2022-06-10 17:41:59.647391
#  File has been updated.
#  Needs to be updated (-q is set).
# automatic
# @ := src/add.o
# automatic
# * := 
# automatic
# < := src/add.s
# automatic
# + := src/add.s
# automatic
# % := 
# automatic
# ^ := src/add.s
# automatic
# ? := src/add.s
# automatic
# | := 
# variable set hash-table stats:
# Load=8/32=25%, Rehash=0, Collisions=1/15=7%
#  recipe to execute (from 'Makefile', line 13):
	cp $(SRC) $(SRC).bak
	sed -i 's@//@;@' $(SRC).bak
	nasm  -g -f elf64 src/*.bak -o $(OBJ) 

# Not a target:
src/add.s:
#  Implicit rule search has been done.
#  Last modified 2022-06-10 17:45:01.3254772
#  File has been updated.
#  Successfully updated.

# Not a target:
.SUFFIXES:
#  Implicit rule search has not been done.
#  Modification time never checked.
#  File has not been updated.

.PHONY: all clean clean
#  Implicit rule search has not been done.
#  Modification time never checked.
#  File has not been updated.

# files hash-table stats:
# Load=9/1024=1%, Rehash=0, Collisions=0/29=0%
# VPATH Search Paths

# No 'vpath' search paths.

# No general ('VPATH' variable) search path.

# strcache buffers: 1 (0) / strings = 19 / storage = 139 B / avg = 7 B
# current buf: size = 8162 B / used = 139 B / count = 19 / avg = 7 B

# strcache performance: lookups = 39 / hit rate = 51%
# hash-table stats:
# Load=19/8192=0%, Rehash=0, Collisions=1/39=3%
# Finished Make data base on Sat Jun 11 08:03:51 2022

 
